Assembler report for Lab1_BUCUR_S
Thu Jan 30 15:06:51 2020
Quartus Prime Version 18.1.0 Build 625 09/12/2018 SJ Lite Edition


---------------------
; Table of Contents ;
---------------------
  1. Legal Notice
  2. Assembler Summary
  3. Assembler Settings
  4. Assembler Generated Files
  5. Assembler Device Options: C:/Users/Stefan/Documents/GitHub/ECE5440/Lab1_BUCUR_S/syn/output_files/Lab1_BUCUR_S.sof
  6. Assembler Device Options: C:/Users/Stefan/Documents/GitHub/ECE5440/Lab1_BUCUR_S/syn/output_files/Lab1_BUCUR_S.pof
  7. Assembler Messages



----------------
; Legal Notice ;
----------------
Copyright (C) 2018  Intel Corporation. All rights reserved.
Your use of Intel Corporation's design tools, logic functions 
and other software and tools, and its AMPP partner logic 
functions, and any output files from any of the foregoing 
(including device programming or simulation files), and any 
associated documentation or information are expressly subject 
to the terms and conditions of the Intel Program License 
Subscription Agreement, the Intel Quartus Prime License Agreement,
the Intel FPGA IP License Agreement, or other applicable license
agreement, including, without limitation, that your use is for
the sole purpose of programming logic devices manufactured by
Intel and sold by Intel or its authorized distributors.  Please
refer to the applicable agreement for further details.



+---------------------------------------------------------------+
; Assembler Summary                                             ;
+-----------------------+---------------------------------------+
; Assembler Status      ; Successful - Thu Jan 30 15:06:51 2020 ;
; Revision Name         ; Lab1_BUCUR_S                          ;
; Top-level Entity Name ; Lab1_BUCUR_S                          ;
; Family                ; Cyclone IV E                          ;
; Device                ; EP4CE115F29C7                         ;
+-----------------------+---------------------------------------+


+----------------------------------+
; Assembler Settings               ;
+--------+---------+---------------+
; Option ; Setting ; Default Value ;
+--------+---------+---------------+


+-----------------------------------------------------------------------------------------+
; Assembler Generated Files                                                               ;
+-----------------------------------------------------------------------------------------+
; File Name                                                                               ;
+-----------------------------------------------------------------------------------------+
; C:/Users/Stefan/Documents/GitHub/ECE5440/Lab1_BUCUR_S/syn/output_files/Lab1_BUCUR_S.sof ;
; C:/Users/Stefan/Documents/GitHub/ECE5440/Lab1_BUCUR_S/syn/output_files/Lab1_BUCUR_S.pof ;
+-----------------------------------------------------------------------------------------+


+-------------------------------------------------------------------------------------------------------------------+
; Assembler Device Options: C:/Users/Stefan/Documents/GitHub/ECE5440/Lab1_BUCUR_S/syn/output_files/Lab1_BUCUR_S.sof ;
+----------------+--------------------------------------------------------------------------------------------------+
; Option         ; Setting                                                                                          ;
+----------------+--------------------------------------------------------------------------------------------------+
; JTAG usercode  ; 0x00569C4D                                                                                       ;
; Checksum       ; 0x00569C4D                                                                                       ;
+----------------+--------------------------------------------------------------------------------------------------+


+-------------------------------------------------------------------------------------------------------------------+
; Assembler Device Options: C:/Users/Stefan/Documents/GitHub/ECE5440/Lab1_BUCUR_S/syn/output_files/Lab1_BUCUR_S.pof ;
+--------------------+----------------------------------------------------------------------------------------------+
; Option             ; Setting                                                                                      ;
+--------------------+----------------------------------------------------------------------------------------------+
; JTAG usercode      ; 0x00000000                                                                                   ;
; Checksum           ; 0x712E1DFF                                                                                   ;
; Compression Ratio  ; 3                                                                                            ;
+--------------------+----------------------------------------------------------------------------------------------+


+--------------------+
; Assembler Messages ;
+--------------------+
Info: *******************************************************************
Info: Running Quartus Prime Assembler
    Info: Version 18.1.0 Build 625 09/12/2018 SJ Lite Edition
    Info: Processing started: Thu Jan 30 15:06:44 2020
Info: Command: quartus_asm --read_settings_files=off --write_settings_files=off Lab1_BUCUR_S -c Lab1_BUCUR_S
Warning (18236): Number of processors has not been specified which may cause overloading on shared machines.  Set the global assignment NUM_PARALLEL_PROCESSORS in your QSF to an appropriate value for best performance.
Info (115031): Writing out detailed assembly data for power analysis
Info (115030): Assembler is generating device programming files
Info: Quartus Prime Assembler was successful. 0 errors, 1 warning
    Info: Peak virtual memory: 4704 megabytes
    Info: Processing ended: Thu Jan 30 15:06:51 2020
    Info: Elapsed time: 00:00:07
    Info: Total CPU time (on all processors): 00:00:07


