Analysis & Elaboration report for Lab4_BUCUR_S
Thu Apr 30 21:51:27 2020
Quartus Prime Version 18.1.0 Build 625 09/12/2018 SJ Lite Edition


---------------------
; Table of Contents ;
---------------------
  1. Legal Notice
  2. Analysis & Elaboration Summary
  3. Parallel Compilation
  4. Analysis & Elaboration IP Cores Summary
  5. Source assignments for ROM_BUCUR_S:ROM_acc|altsyncram:altsyncram_component|altsyncram_dl91:auto_generated
  6. Parameter Settings for User Entity Instance: loadreg:player_num
  7. Parameter Settings for User Entity Instance: access:acc_ctrl
  8. Parameter Settings for User Entity Instance: ROM_BUCUR_S:ROM_acc|altsyncram:altsyncram_component
  9. Parameter Settings for User Entity Instance: bshaper:player_button
 10. Parameter Settings for User Entity Instance: bshaper:acc_button
 11. altsyncram Parameter Settings by Entity Instance
 12. Analysis & Elaboration Settings
 13. Analysis & Elaboration Messages



----------------
; Legal Notice ;
----------------
Copyright (C) 2018  Intel Corporation. All rights reserved.
Your use of Intel Corporation's design tools, logic functions 
and other software and tools, and its AMPP partner logic 
functions, and any output files from any of the foregoing 
(including device programming or simulation files), and any 
associated documentation or information are expressly subject 
to the terms and conditions of the Intel Program License 
Subscription Agreement, the Intel Quartus Prime License Agreement,
the Intel FPGA IP License Agreement, or other applicable license
agreement, including, without limitation, that your use is for
the sole purpose of programming logic devices manufactured by
Intel and sold by Intel or its authorized distributors.  Please
refer to the applicable agreement for further details.



+----------------------------------------------------------------------------------+
; Analysis & Elaboration Summary                                                   ;
+------------------------------------+---------------------------------------------+
; Analysis & Elaboration Status      ; Successful - Thu Apr 30 21:51:27 2020       ;
; Quartus Prime Version              ; 18.1.0 Build 625 09/12/2018 SJ Lite Edition ;
; Revision Name                      ; Lab4_BUCUR_S                                ;
; Top-level Entity Name              ; Lab4_BUCUR_S                                ;
; Family                             ; Cyclone IV E                                ;
; Total logic elements               ; N/A until Partition Merge                   ;
;     Total combinational functions  ; N/A until Partition Merge                   ;
;     Dedicated logic registers      ; N/A until Partition Merge                   ;
; Total registers                    ; N/A until Partition Merge                   ;
; Total pins                         ; N/A until Partition Merge                   ;
; Total virtual pins                 ; N/A until Partition Merge                   ;
; Total memory bits                  ; N/A until Partition Merge                   ;
; Embedded Multiplier 9-bit elements ; N/A until Partition Merge                   ;
; Total PLLs                         ; N/A until Partition Merge                   ;
+------------------------------------+---------------------------------------------+


+------------------------------------------+
; Parallel Compilation                     ;
+----------------------------+-------------+
; Processors                 ; Number      ;
+----------------------------+-------------+
; Number detected on machine ; 12          ;
; Maximum allowed            ; 12          ;
;                            ;             ;
; Average used               ; 1.00        ;
; Maximum used               ; 1           ;
;                            ;             ;
; Usage by Processor         ; % Time Used ;
;     Processor 1            ; 100.0%      ;
+----------------------------+-------------+


+--------------------------------------------------------------------------------------------------------------------------+
; Analysis & Elaboration IP Cores Summary                                                                                  ;
+--------+--------------+---------+--------------+--------------+-----------------------------------+----------------------+
; Vendor ; IP Core Name ; Version ; Release Date ; License Type ; Entity Instance                   ; IP Include File      ;
+--------+--------------+---------+--------------+--------------+-----------------------------------+----------------------+
; Altera ; ROM: 1-PORT  ; 18.1    ; N/A          ; N/A          ; |Lab4_BUCUR_S|ROM_BUCUR_S:ROM_acc ; ../src/ROM_BUCUR_S.v ;
+--------+--------------+---------+--------------+--------------+-----------------------------------+----------------------+


+-----------------------------------------------------------------------------------------------------------+
; Source assignments for ROM_BUCUR_S:ROM_acc|altsyncram:altsyncram_component|altsyncram_dl91:auto_generated ;
+---------------------------------+--------------------+------+---------------------------------------------+
; Assignment                      ; Value              ; From ; To                                          ;
+---------------------------------+--------------------+------+---------------------------------------------+
; OPTIMIZE_POWER_DURING_SYNTHESIS ; NORMAL_COMPILATION ; -    ; -                                           ;
+---------------------------------+--------------------+------+---------------------------------------------+


+-----------------------------------------------------------------+
; Parameter Settings for User Entity Instance: loadreg:player_num ;
+----------------+-------+----------------------------------------+
; Parameter Name ; Value ; Type                                   ;
+----------------+-------+----------------------------------------+
; Store          ; 0     ; Unsigned Binary                        ;
; Load           ; 1     ; Unsigned Binary                        ;
+----------------+-------+----------------------------------------+
Note: In order to hide this table in the UI and the text report file, please set the "Show Parameter Settings in Synthesis Report" option in "Analysis and Synthesis Settings -> More Settings" to "Off".


+--------------------------------------------------------------+
; Parameter Settings for User Entity Instance: access:acc_ctrl ;
+----------------+-------+-------------------------------------+
; Parameter Name ; Value ; Type                                ;
+----------------+-------+-------------------------------------+
; Init           ; 0000  ; Unsigned Binary                     ;
; Next           ; 0001  ; Unsigned Binary                     ;
; W1             ; 0010  ; Unsigned Binary                     ;
; W2             ; 0011  ; Unsigned Binary                     ;
; Get            ; 0100  ; Unsigned Binary                     ;
; Equ            ; 0101  ; Unsigned Binary                     ;
; Eval           ; 0110  ; Unsigned Binary                     ;
; Pass           ; 0111  ; Unsigned Binary                     ;
; OK             ; 1000  ; Unsigned Binary                     ;
; SET            ; 1001  ; Unsigned Binary                     ;
; PLAY           ; 1010  ; Unsigned Binary                     ;
+----------------+-------+-------------------------------------+
Note: In order to hide this table in the UI and the text report file, please set the "Show Parameter Settings in Synthesis Report" option in "Analysis and Synthesis Settings -> More Settings" to "Off".


+--------------------------------------------------------------------------------------------------+
; Parameter Settings for User Entity Instance: ROM_BUCUR_S:ROM_acc|altsyncram:altsyncram_component ;
+------------------------------------+----------------------+--------------------------------------+
; Parameter Name                     ; Value                ; Type                                 ;
+------------------------------------+----------------------+--------------------------------------+
; BYTE_SIZE_BLOCK                    ; 8                    ; Untyped                              ;
; AUTO_CARRY_CHAINS                  ; ON                   ; AUTO_CARRY                           ;
; IGNORE_CARRY_BUFFERS               ; OFF                  ; IGNORE_CARRY                         ;
; AUTO_CASCADE_CHAINS                ; ON                   ; AUTO_CASCADE                         ;
; IGNORE_CASCADE_BUFFERS             ; OFF                  ; IGNORE_CASCADE                       ;
; WIDTH_BYTEENA                      ; 1                    ; Untyped                              ;
; OPERATION_MODE                     ; ROM                  ; Untyped                              ;
; WIDTH_A                            ; 4                    ; Signed Integer                       ;
; WIDTHAD_A                          ; 2                    ; Signed Integer                       ;
; NUMWORDS_A                         ; 4                    ; Signed Integer                       ;
; OUTDATA_REG_A                      ; CLOCK0               ; Untyped                              ;
; ADDRESS_ACLR_A                     ; NONE                 ; Untyped                              ;
; OUTDATA_ACLR_A                     ; NONE                 ; Untyped                              ;
; WRCONTROL_ACLR_A                   ; NONE                 ; Untyped                              ;
; INDATA_ACLR_A                      ; NONE                 ; Untyped                              ;
; BYTEENA_ACLR_A                     ; NONE                 ; Untyped                              ;
; WIDTH_B                            ; 1                    ; Untyped                              ;
; WIDTHAD_B                          ; 1                    ; Untyped                              ;
; NUMWORDS_B                         ; 1                    ; Untyped                              ;
; INDATA_REG_B                       ; CLOCK1               ; Untyped                              ;
; WRCONTROL_WRADDRESS_REG_B          ; CLOCK1               ; Untyped                              ;
; RDCONTROL_REG_B                    ; CLOCK1               ; Untyped                              ;
; ADDRESS_REG_B                      ; CLOCK1               ; Untyped                              ;
; OUTDATA_REG_B                      ; UNREGISTERED         ; Untyped                              ;
; BYTEENA_REG_B                      ; CLOCK1               ; Untyped                              ;
; INDATA_ACLR_B                      ; NONE                 ; Untyped                              ;
; WRCONTROL_ACLR_B                   ; NONE                 ; Untyped                              ;
; ADDRESS_ACLR_B                     ; NONE                 ; Untyped                              ;
; OUTDATA_ACLR_B                     ; NONE                 ; Untyped                              ;
; RDCONTROL_ACLR_B                   ; NONE                 ; Untyped                              ;
; BYTEENA_ACLR_B                     ; NONE                 ; Untyped                              ;
; WIDTH_BYTEENA_A                    ; 1                    ; Signed Integer                       ;
; WIDTH_BYTEENA_B                    ; 1                    ; Untyped                              ;
; RAM_BLOCK_TYPE                     ; AUTO                 ; Untyped                              ;
; BYTE_SIZE                          ; 8                    ; Untyped                              ;
; READ_DURING_WRITE_MODE_MIXED_PORTS ; DONT_CARE            ; Untyped                              ;
; READ_DURING_WRITE_MODE_PORT_A      ; NEW_DATA_NO_NBE_READ ; Untyped                              ;
; READ_DURING_WRITE_MODE_PORT_B      ; NEW_DATA_NO_NBE_READ ; Untyped                              ;
; INIT_FILE                          ; ROM_BUCUR_S.mif      ; Untyped                              ;
; INIT_FILE_LAYOUT                   ; PORT_A               ; Untyped                              ;
; MAXIMUM_DEPTH                      ; 0                    ; Untyped                              ;
; CLOCK_ENABLE_INPUT_A               ; BYPASS               ; Untyped                              ;
; CLOCK_ENABLE_INPUT_B               ; NORMAL               ; Untyped                              ;
; CLOCK_ENABLE_OUTPUT_A              ; BYPASS               ; Untyped                              ;
; CLOCK_ENABLE_OUTPUT_B              ; NORMAL               ; Untyped                              ;
; CLOCK_ENABLE_CORE_A                ; USE_INPUT_CLKEN      ; Untyped                              ;
; CLOCK_ENABLE_CORE_B                ; USE_INPUT_CLKEN      ; Untyped                              ;
; ENABLE_ECC                         ; FALSE                ; Untyped                              ;
; ECC_PIPELINE_STAGE_ENABLED         ; FALSE                ; Untyped                              ;
; WIDTH_ECCSTATUS                    ; 3                    ; Untyped                              ;
; DEVICE_FAMILY                      ; Cyclone IV E         ; Untyped                              ;
; CBXI_PARAMETER                     ; altsyncram_dl91      ; Untyped                              ;
+------------------------------------+----------------------+--------------------------------------+
Note: In order to hide this table in the UI and the text report file, please set the "Show Parameter Settings in Synthesis Report" option in "Analysis and Synthesis Settings -> More Settings" to "Off".


+--------------------------------------------------------------------+
; Parameter Settings for User Entity Instance: bshaper:player_button ;
+----------------+-------+-------------------------------------------+
; Parameter Name ; Value ; Type                                      ;
+----------------+-------+-------------------------------------------+
; Init           ; 00    ; Unsigned Binary                           ;
; Edge           ; 01    ; Unsigned Binary                           ;
; Wait           ; 10    ; Unsigned Binary                           ;
+----------------+-------+-------------------------------------------+
Note: In order to hide this table in the UI and the text report file, please set the "Show Parameter Settings in Synthesis Report" option in "Analysis and Synthesis Settings -> More Settings" to "Off".


+-----------------------------------------------------------------+
; Parameter Settings for User Entity Instance: bshaper:acc_button ;
+----------------+-------+----------------------------------------+
; Parameter Name ; Value ; Type                                   ;
+----------------+-------+----------------------------------------+
; Init           ; 00    ; Unsigned Binary                        ;
; Edge           ; 01    ; Unsigned Binary                        ;
; Wait           ; 10    ; Unsigned Binary                        ;
+----------------+-------+----------------------------------------+
Note: In order to hide this table in the UI and the text report file, please set the "Show Parameter Settings in Synthesis Report" option in "Analysis and Synthesis Settings -> More Settings" to "Off".


+-------------------------------------------------------------------------------------------------+
; altsyncram Parameter Settings by Entity Instance                                                ;
+-------------------------------------------+-----------------------------------------------------+
; Name                                      ; Value                                               ;
+-------------------------------------------+-----------------------------------------------------+
; Number of entity instances                ; 1                                                   ;
; Entity Instance                           ; ROM_BUCUR_S:ROM_acc|altsyncram:altsyncram_component ;
;     -- OPERATION_MODE                     ; ROM                                                 ;
;     -- WIDTH_A                            ; 4                                                   ;
;     -- NUMWORDS_A                         ; 4                                                   ;
;     -- OUTDATA_REG_A                      ; CLOCK0                                              ;
;     -- WIDTH_B                            ; 1                                                   ;
;     -- NUMWORDS_B                         ; 1                                                   ;
;     -- ADDRESS_REG_B                      ; CLOCK1                                              ;
;     -- OUTDATA_REG_B                      ; UNREGISTERED                                        ;
;     -- RAM_BLOCK_TYPE                     ; AUTO                                                ;
;     -- READ_DURING_WRITE_MODE_MIXED_PORTS ; DONT_CARE                                           ;
+-------------------------------------------+-----------------------------------------------------+


+------------------------------------------------------------------------------------------------------------+
; Analysis & Elaboration Settings                                                                            ;
+------------------------------------------------------------------+--------------------+--------------------+
; Option                                                           ; Setting            ; Default Value      ;
+------------------------------------------------------------------+--------------------+--------------------+
; Device                                                           ; EP4CE115F29C7      ;                    ;
; Top-level entity name                                            ; Lab4_BUCUR_S       ; Lab4_BUCUR_S       ;
; Family name                                                      ; Cyclone IV E       ; Cyclone V          ;
; Use smart compilation                                            ; Off                ; Off                ;
; Enable parallel Assembler and Timing Analyzer during compilation ; On                 ; On                 ;
; Enable compact report table                                      ; Off                ; Off                ;
; Restructure Multiplexers                                         ; Auto               ; Auto               ;
; Create Debugging Nodes for IP Cores                              ; Off                ; Off                ;
; Preserve fewer node names                                        ; On                 ; On                 ;
; Intel FPGA IP Evaluation Mode                                    ; Enable             ; Enable             ;
; Verilog Version                                                  ; Verilog_2001       ; Verilog_2001       ;
; VHDL Version                                                     ; VHDL_1993          ; VHDL_1993          ;
; State Machine Processing                                         ; Auto               ; Auto               ;
; Safe State Machine                                               ; Off                ; Off                ;
; Extract Verilog State Machines                                   ; On                 ; On                 ;
; Extract VHDL State Machines                                      ; On                 ; On                 ;
; Ignore Verilog initial constructs                                ; Off                ; Off                ;
; Iteration limit for constant Verilog loops                       ; 5000               ; 5000               ;
; Iteration limit for non-constant Verilog loops                   ; 250                ; 250                ;
; Add Pass-Through Logic to Inferred RAMs                          ; On                 ; On                 ;
; Infer RAMs from Raw Logic                                        ; On                 ; On                 ;
; Parallel Synthesis                                               ; On                 ; On                 ;
; DSP Block Balancing                                              ; Auto               ; Auto               ;
; NOT Gate Push-Back                                               ; On                 ; On                 ;
; Power-Up Don't Care                                              ; On                 ; On                 ;
; Remove Redundant Logic Cells                                     ; Off                ; Off                ;
; Remove Duplicate Registers                                       ; On                 ; On                 ;
; Ignore CARRY Buffers                                             ; Off                ; Off                ;
; Ignore CASCADE Buffers                                           ; Off                ; Off                ;
; Ignore GLOBAL Buffers                                            ; Off                ; Off                ;
; Ignore ROW GLOBAL Buffers                                        ; Off                ; Off                ;
; Ignore LCELL Buffers                                             ; Off                ; Off                ;
; Ignore SOFT Buffers                                              ; On                 ; On                 ;
; Limit AHDL Integers to 32 Bits                                   ; Off                ; Off                ;
; Optimization Technique                                           ; Balanced           ; Balanced           ;
; Carry Chain Length                                               ; 70                 ; 70                 ;
; Auto Carry Chains                                                ; On                 ; On                 ;
; Auto Open-Drain Pins                                             ; On                 ; On                 ;
; Perform WYSIWYG Primitive Resynthesis                            ; Off                ; Off                ;
; Auto ROM Replacement                                             ; On                 ; On                 ;
; Auto RAM Replacement                                             ; On                 ; On                 ;
; Auto DSP Block Replacement                                       ; On                 ; On                 ;
; Auto Shift Register Replacement                                  ; Auto               ; Auto               ;
; Allow Shift Register Merging across Hierarchies                  ; Auto               ; Auto               ;
; Auto Clock Enable Replacement                                    ; On                 ; On                 ;
; Strict RAM Replacement                                           ; Off                ; Off                ;
; Allow Synchronous Control Signals                                ; On                 ; On                 ;
; Force Use of Synchronous Clear Signals                           ; Off                ; Off                ;
; Auto RAM Block Balancing                                         ; On                 ; On                 ;
; Auto RAM to Logic Cell Conversion                                ; Off                ; Off                ;
; Auto Resource Sharing                                            ; Off                ; Off                ;
; Allow Any RAM Size For Recognition                               ; Off                ; Off                ;
; Allow Any ROM Size For Recognition                               ; Off                ; Off                ;
; Allow Any Shift Register Size For Recognition                    ; Off                ; Off                ;
; Use LogicLock Constraints during Resource Balancing              ; On                 ; On                 ;
; Ignore translate_off and synthesis_off directives                ; Off                ; Off                ;
; Timing-Driven Synthesis                                          ; On                 ; On                 ;
; Report Parameter Settings                                        ; On                 ; On                 ;
; Report Source Assignments                                        ; On                 ; On                 ;
; Report Connectivity Checks                                       ; On                 ; On                 ;
; Ignore Maximum Fan-Out Assignments                               ; Off                ; Off                ;
; Synchronization Register Chain Length                            ; 2                  ; 2                  ;
; Power Optimization During Synthesis                              ; Normal compilation ; Normal compilation ;
; HDL message level                                                ; Level2             ; Level2             ;
; Suppress Register Optimization Related Messages                  ; Off                ; Off                ;
; Number of Removed Registers Reported in Synthesis Report         ; 5000               ; 5000               ;
; Number of Swept Nodes Reported in Synthesis Report               ; 5000               ; 5000               ;
; Number of Inverted Registers Reported in Synthesis Report        ; 100                ; 100                ;
; Clock MUX Protection                                             ; On                 ; On                 ;
; Auto Gated Clock Conversion                                      ; Off                ; Off                ;
; Block Design Naming                                              ; Auto               ; Auto               ;
; SDC constraint protection                                        ; Off                ; Off                ;
; Synthesis Effort                                                 ; Auto               ; Auto               ;
; Shift Register Replacement - Allow Asynchronous Clear Signal     ; On                 ; On                 ;
; Pre-Mapping Resynthesis Optimization                             ; Off                ; Off                ;
; Analysis & Synthesis Message Level                               ; Medium             ; Medium             ;
; Disable Register Merging Across Hierarchies                      ; Auto               ; Auto               ;
; Resource Aware Inference For Block RAM                           ; On                 ; On                 ;
+------------------------------------------------------------------+--------------------+--------------------+


+---------------------------------+
; Analysis & Elaboration Messages ;
+---------------------------------+
Info: *******************************************************************
Info: Running Quartus Prime Analysis & Elaboration
    Info: Version 18.1.0 Build 625 09/12/2018 SJ Lite Edition
    Info: Processing started: Thu Apr 30 21:51:16 2020
Info: Command: quartus_map --read_settings_files=on --write_settings_files=off Lab4_BUCUR_S -c Lab4_BUCUR_S --analysis_and_elaboration
Warning (18236): Number of processors has not been specified which may cause overloading on shared machines.  Set the global assignment NUM_PARALLEL_PROCESSORS in your QSF to an appropriate value for best performance.
Info (20030): Parallel compilation is enabled and will use 12 of the 12 processors detected
Info (12021): Found 1 design units, including 1 entities, in source file /intelfpga_lite/18.1/lab4_bucur_s/src/lab4_bucur_s.v
    Info (12023): Found entity 1: Lab4_BUCUR_S File: C:/intelFPGA_lite/18.1/Lab4_BUCUR_S/src/Lab4_BUCUR_S.v Line: 7
Info (12021): Found 1 design units, including 1 entities, in source file /intelfpga_lite/18.1/lab4_bucur_s/src/trng.v
    Info (12023): Found entity 1: trng File: C:/intelFPGA_lite/18.1/Lab4_BUCUR_S/src/trng.v Line: 6
Info (12021): Found 1 design units, including 1 entities, in source file /intelfpga_lite/18.1/lab4_bucur_s/src/timer_1ms.v
    Info (12023): Found entity 1: timer_1ms File: C:/intelFPGA_lite/18.1/Lab4_BUCUR_S/src/timer_1ms.v Line: 7
Info (12021): Found 1 design units, including 1 entities, in source file /intelfpga_lite/18.1/lab4_bucur_s/src/sectimer.v
    Info (12023): Found entity 1: secTimer File: C:/intelFPGA_lite/18.1/Lab4_BUCUR_S/src/secTimer.v Line: 6
Info (12021): Found 1 design units, including 1 entities, in source file /intelfpga_lite/18.1/lab4_bucur_s/src/rom_bucur_s.v
    Info (12023): Found entity 1: ROM_BUCUR_S File: C:/intelFPGA_lite/18.1/Lab4_BUCUR_S/src/ROM_BUCUR_S.v Line: 39
Info (12021): Found 1 design units, including 1 entities, in source file /intelfpga_lite/18.1/lab4_bucur_s/src/loadreg.v
    Info (12023): Found entity 1: loadreg File: C:/intelFPGA_lite/18.1/Lab4_BUCUR_S/src/loadreg.v Line: 8
Info (12021): Found 1 design units, including 1 entities, in source file /intelfpga_lite/18.1/lab4_bucur_s/src/digittimer_2.v
    Info (12023): Found entity 1: digitTimer_2 File: C:/intelFPGA_lite/18.1/Lab4_BUCUR_S/src/digitTimer_2.v Line: 12
Info (12021): Found 1 design units, including 1 entities, in source file /intelfpga_lite/18.1/lab4_bucur_s/src/digittimer.v
    Info (12023): Found entity 1: digitTimer File: C:/intelFPGA_lite/18.1/Lab4_BUCUR_S/src/digitTimer.v Line: 20
Info (12021): Found 1 design units, including 1 entities, in source file /intelfpga_lite/18.1/lab4_bucur_s/src/decoder7.v
    Info (12023): Found entity 1: decoder7 File: C:/intelFPGA_lite/18.1/Lab4_BUCUR_S/src/decoder7.v Line: 17
Info (12021): Found 1 design units, including 1 entities, in source file /intelfpga_lite/18.1/lab4_bucur_s/src/cnt1000.v
    Info (12023): Found entity 1: cnt1000 File: C:/intelFPGA_lite/18.1/Lab4_BUCUR_S/src/cnt1000.v Line: 7
Info (12021): Found 1 design units, including 1 entities, in source file /intelfpga_lite/18.1/lab4_bucur_s/src/cnt4.v
    Info (12023): Found entity 1: cnt4 File: C:/intelFPGA_lite/18.1/Lab4_BUCUR_S/src/cnt4.v Line: 6
Info (12021): Found 1 design units, including 1 entities, in source file /intelfpga_lite/18.1/lab4_bucur_s/src/check.v
    Info (12023): Found entity 1: check File: C:/intelFPGA_lite/18.1/Lab4_BUCUR_S/src/check.v Line: 8
Info (12021): Found 1 design units, including 1 entities, in source file /intelfpga_lite/18.1/lab4_bucur_s/src/button_press.v
    Info (12023): Found entity 1: button_press File: C:/intelFPGA_lite/18.1/Lab4_BUCUR_S/src/button_press.v Line: 11
Info (12021): Found 1 design units, including 1 entities, in source file /intelfpga_lite/18.1/lab4_bucur_s/src/bshaper.v
    Info (12023): Found entity 1: bshaper File: C:/intelFPGA_lite/18.1/Lab4_BUCUR_S/src/bshaper.v Line: 10
Info (12021): Found 1 design units, including 1 entities, in source file /intelfpga_lite/18.1/lab4_bucur_s/src/adder.v
    Info (12023): Found entity 1: adder File: C:/intelFPGA_lite/18.1/Lab4_BUCUR_S/src/adder.v Line: 6
Warning (10238): Verilog Module Declaration warning at access.v(25): ignored anonymous port(s) indicated by duplicate or dangling comma(s) in the port list for module "access" File: C:/intelFPGA_lite/18.1/Lab4_BUCUR_S/src/access.v Line: 25
Info (12021): Found 1 design units, including 1 entities, in source file /intelfpga_lite/18.1/lab4_bucur_s/src/access.v
    Info (12023): Found entity 1: access File: C:/intelFPGA_lite/18.1/Lab4_BUCUR_S/src/access.v Line: 9
Info (12127): Elaborating entity "Lab4_BUCUR_S" for the top level hierarchy
Info (12128): Elaborating entity "decoder7" for hierarchy "decoder7:bot_dec" File: C:/intelFPGA_lite/18.1/Lab4_BUCUR_S/src/Lab4_BUCUR_S.v Line: 38
Info (12128): Elaborating entity "adder" for hierarchy "adder:player_sum" File: C:/intelFPGA_lite/18.1/Lab4_BUCUR_S/src/Lab4_BUCUR_S.v Line: 44
Info (12128): Elaborating entity "check" for hierarchy "check:sum_result" File: C:/intelFPGA_lite/18.1/Lab4_BUCUR_S/src/Lab4_BUCUR_S.v Line: 45
Info (12128): Elaborating entity "trng" for hierarchy "trng:pbot" File: C:/intelFPGA_lite/18.1/Lab4_BUCUR_S/src/Lab4_BUCUR_S.v Line: 46
Info (12128): Elaborating entity "cnt4" for hierarchy "trng:pbot|cnt4:counter" File: C:/intelFPGA_lite/18.1/Lab4_BUCUR_S/src/trng.v Line: 20
Info (12128): Elaborating entity "loadreg" for hierarchy "loadreg:player_num" File: C:/intelFPGA_lite/18.1/Lab4_BUCUR_S/src/Lab4_BUCUR_S.v Line: 48
Info (12128): Elaborating entity "access" for hierarchy "access:acc_ctrl" File: C:/intelFPGA_lite/18.1/Lab4_BUCUR_S/src/Lab4_BUCUR_S.v Line: 67
Info (12128): Elaborating entity "ROM_BUCUR_S" for hierarchy "ROM_BUCUR_S:ROM_acc" File: C:/intelFPGA_lite/18.1/Lab4_BUCUR_S/src/Lab4_BUCUR_S.v Line: 73
Info (12128): Elaborating entity "altsyncram" for hierarchy "ROM_BUCUR_S:ROM_acc|altsyncram:altsyncram_component" File: C:/intelFPGA_lite/18.1/Lab4_BUCUR_S/src/ROM_BUCUR_S.v Line: 81
Info (12130): Elaborated megafunction instantiation "ROM_BUCUR_S:ROM_acc|altsyncram:altsyncram_component" File: C:/intelFPGA_lite/18.1/Lab4_BUCUR_S/src/ROM_BUCUR_S.v Line: 81
Info (12133): Instantiated megafunction "ROM_BUCUR_S:ROM_acc|altsyncram:altsyncram_component" with the following parameter: File: C:/intelFPGA_lite/18.1/Lab4_BUCUR_S/src/ROM_BUCUR_S.v Line: 81
    Info (12134): Parameter "address_aclr_a" = "NONE"
    Info (12134): Parameter "clock_enable_input_a" = "BYPASS"
    Info (12134): Parameter "clock_enable_output_a" = "BYPASS"
    Info (12134): Parameter "init_file" = "ROM_BUCUR_S.mif"
    Info (12134): Parameter "intended_device_family" = "Cyclone IV E"
    Info (12134): Parameter "lpm_hint" = "ENABLE_RUNTIME_MOD=NO"
    Info (12134): Parameter "lpm_type" = "altsyncram"
    Info (12134): Parameter "numwords_a" = "4"
    Info (12134): Parameter "operation_mode" = "ROM"
    Info (12134): Parameter "outdata_aclr_a" = "NONE"
    Info (12134): Parameter "outdata_reg_a" = "CLOCK0"
    Info (12134): Parameter "widthad_a" = "2"
    Info (12134): Parameter "width_a" = "4"
    Info (12134): Parameter "width_byteena_a" = "1"
Info (12021): Found 1 design units, including 1 entities, in source file db/altsyncram_dl91.tdf
    Info (12023): Found entity 1: altsyncram_dl91 File: C:/intelFPGA_lite/18.1/Lab4_BUCUR_S/syn/db/altsyncram_dl91.tdf Line: 27
Info (12128): Elaborating entity "altsyncram_dl91" for hierarchy "ROM_BUCUR_S:ROM_acc|altsyncram:altsyncram_component|altsyncram_dl91:auto_generated" File: c:/intelfpga_lite/18.1/quartus/libraries/megafunctions/altsyncram.tdf Line: 791
Info (12128): Elaborating entity "bshaper" for hierarchy "bshaper:player_button" File: C:/intelFPGA_lite/18.1/Lab4_BUCUR_S/src/Lab4_BUCUR_S.v Line: 75
Info (12128): Elaborating entity "digitTimer_2" for hierarchy "digitTimer_2:timer" File: C:/intelFPGA_lite/18.1/Lab4_BUCUR_S/src/Lab4_BUCUR_S.v Line: 83
Info (12128): Elaborating entity "digitTimer" for hierarchy "digitTimer_2:timer|digitTimer:tens" File: C:/intelFPGA_lite/18.1/Lab4_BUCUR_S/src/digitTimer_2.v Line: 31
Info (12128): Elaborating entity "secTimer" for hierarchy "secTimer:timer_clk" File: C:/intelFPGA_lite/18.1/Lab4_BUCUR_S/src/Lab4_BUCUR_S.v Line: 84
Info (12128): Elaborating entity "cnt1000" for hierarchy "secTimer:timer_clk|cnt1000:counter" File: C:/intelFPGA_lite/18.1/Lab4_BUCUR_S/src/secTimer.v Line: 11
Info (12128): Elaborating entity "timer_1ms" for hierarchy "secTimer:timer_clk|timer_1ms:timer" File: C:/intelFPGA_lite/18.1/Lab4_BUCUR_S/src/secTimer.v Line: 12
Info: Quartus Prime Analysis & Elaboration was successful. 0 errors, 2 warnings
    Info: Peak virtual memory: 4730 megabytes
    Info: Processing ended: Thu Apr 30 21:51:27 2020
    Info: Elapsed time: 00:00:11
    Info: Total CPU time (on all processors): 00:00:23


